<?xml version="1.0" encoding="UTF-8"?>
<TestRun id="302d4b03-4fe2-4209-9f2a-9da494444beb" name="Eystein@WINBOX 2012-08-24 23:02:31" runUser="WinBox\Eystein" xmlns="http://microsoft.com/schemas/VisualStudio/TeamTest/2010">
  <TestSettings name="Local" id="213a9241-b0c4-4e2e-ac37-9e66a75b6771">
    <Description>These are default test settings for a local test run.</Description>
    <Deployment enabled="false" runDeploymentRoot="Eystein_WINBOX 2012-08-24 23_02_31">
      <DeploymentItem filename="C:\Projects\TvGuide\BEO\bin\Release\BEO.dll" />
    </Deployment>
    <Execution>
      <TestTypeSpecific />
      <AgentRule name="Execution Agents">
      </AgentRule>
    </Execution>
  </TestSettings>
  <Times creation="2012-08-24T23:02:31.0622861+02:00" queuing="2012-08-24T23:02:32.3633605+02:00" start="2012-08-24T23:02:32.4693666+02:00" finish="2012-08-24T23:02:33.5024257+02:00" />
  <ResultSummary outcome="Completed">
    <Counters total="5" executed="5" passed="5" error="0" failed="0" timeout="0" aborted="0" inconclusive="0" passedButRunAborted="0" notRunnable="0" notExecuted="0" disconnected="0" warning="0" completed="0" inProgress="0" pending="0" />
  </ResultSummary>
  <TestDefinitions>
    <UnitTest name="IsValidXml" storage="c:\projects\tvguide\unittest\bin\release\unittest.dll" id="52e9deaa-cfe7-7773-b774-0ad6244cfc9f">
      <Execution id="fdcb3f34-940b-4f4f-837a-e095a226b2d6" />
      <TestMethod codeBase="C:/Projects/TvGuide/UnitTest/bin/Release/UnitTest.DLL" adapterTypeName="Microsoft.VisualStudio.TestTools.TestTypes.Unit.UnitTestAdapter, Microsoft.VisualStudio.QualityTools.Tips.UnitTest.Adapter, Version=10.0.0.0, Culture=neutral, PublicKeyToken=b03f5f7f11d50a3a" className="UnitTest.GrabberFileTest, UnitTest, Version=1.0.0.0, Culture=neutral, PublicKeyToken=null" name="IsValidXml" />
    </UnitTest>
    <UnitTest name="IsURLCorrect" storage="c:\projects\tvguide\unittest\bin\release\unittest.dll" id="918006b7-f58c-2fe4-1365-5682a8220bb5">
      <Execution id="2236406b-c1ed-4e9a-8162-6cb52d6b2e91" />
      <TestMethod codeBase="C:/Projects/TvGuide/UnitTest/bin/Release/UnitTest.DLL" adapterTypeName="Microsoft.VisualStudio.TestTools.TestTypes.Unit.UnitTestAdapter, Microsoft.VisualStudio.QualityTools.Tips.UnitTest.Adapter, Version=10.0.0.0, Culture=neutral, PublicKeyToken=b03f5f7f11d50a3a" className="UnitTest.GrabberAddressTest, UnitTest, Version=1.0.0.0, Culture=neutral, PublicKeyToken=null" name="IsURLCorrect" />
    </UnitTest>
    <UnitTest name="GetXmlContentDate" storage="c:\projects\tvguide\unittest\bin\release\unittest.dll" id="2efb8f86-da4b-0441-6245-21d076ce6d7e">
      <Execution id="79459abf-7be4-4d4a-a647-e925c6f328c6" />
      <TestMethod codeBase="C:/Projects/TvGuide/UnitTest/bin/Release/UnitTest.DLL" adapterTypeName="Microsoft.VisualStudio.TestTools.TestTypes.Unit.UnitTestAdapter, Microsoft.VisualStudio.QualityTools.Tips.UnitTest.Adapter, Version=10.0.0.0, Culture=neutral, PublicKeyToken=b03f5f7f11d50a3a" className="UnitTest.GrabberDateTest, UnitTest, Version=1.0.0.0, Culture=neutral, PublicKeyToken=null" name="GetXmlContentDate" />
    </UnitTest>
    <UnitTest name="GetFileNameDateString" storage="c:\projects\tvguide\unittest\bin\release\unittest.dll" id="7f74eb45-ede8-d395-954c-f0e5f774f493">
      <Execution id="ba61d0f3-cec3-45a0-869d-d24dad4efbf5" />
      <TestMethod codeBase="C:/Projects/TvGuide/UnitTest/bin/Release/UnitTest.DLL" adapterTypeName="Microsoft.VisualStudio.TestTools.TestTypes.Unit.UnitTestAdapter, Microsoft.VisualStudio.QualityTools.Tips.UnitTest.Adapter, Version=10.0.0.0, Culture=neutral, PublicKeyToken=b03f5f7f11d50a3a" className="UnitTest.GrabberDateTest, UnitTest, Version=1.0.0.0, Culture=neutral, PublicKeyToken=null" name="GetFileNameDateString" />
    </UnitTest>
    <UnitTest name="FileContentIsXML" storage="c:\projects\tvguide\unittest\bin\release\unittest.dll" id="606fe0a8-1b51-551b-57f4-11c5eb57b1b6">
      <Execution id="648f581e-c047-41a5-be9d-b069c54b82c1" />
      <TestMethod codeBase="C:/Projects/TvGuide/UnitTest/bin/Release/UnitTest.DLL" adapterTypeName="Microsoft.VisualStudio.TestTools.TestTypes.Unit.UnitTestAdapter, Microsoft.VisualStudio.QualityTools.Tips.UnitTest.Adapter, Version=10.0.0.0, Culture=neutral, PublicKeyToken=b03f5f7f11d50a3a" className="UnitTest.GrabberFileTest, UnitTest, Version=1.0.0.0, Culture=neutral, PublicKeyToken=null" name="FileContentIsXML" />
    </UnitTest>
  </TestDefinitions>
  <TestLists>
    <TestList name="Results Not in a List" id="8c84fa94-04c1-424b-9868-57a2d4851a1d" />
    <TestList name="All Loaded Results" id="19431567-8539-422a-85d7-44ee4e166bda" />
  </TestLists>
  <TestEntries>
    <TestEntry testId="2efb8f86-da4b-0441-6245-21d076ce6d7e" executionId="79459abf-7be4-4d4a-a647-e925c6f328c6" testListId="8c84fa94-04c1-424b-9868-57a2d4851a1d" />
    <TestEntry testId="52e9deaa-cfe7-7773-b774-0ad6244cfc9f" executionId="fdcb3f34-940b-4f4f-837a-e095a226b2d6" testListId="8c84fa94-04c1-424b-9868-57a2d4851a1d" />
    <TestEntry testId="606fe0a8-1b51-551b-57f4-11c5eb57b1b6" executionId="648f581e-c047-41a5-be9d-b069c54b82c1" testListId="8c84fa94-04c1-424b-9868-57a2d4851a1d" />
    <TestEntry testId="7f74eb45-ede8-d395-954c-f0e5f774f493" executionId="ba61d0f3-cec3-45a0-869d-d24dad4efbf5" testListId="8c84fa94-04c1-424b-9868-57a2d4851a1d" />
    <TestEntry testId="918006b7-f58c-2fe4-1365-5682a8220bb5" executionId="2236406b-c1ed-4e9a-8162-6cb52d6b2e91" testListId="8c84fa94-04c1-424b-9868-57a2d4851a1d" />
  </TestEntries>
  <Results>
    <UnitTestResult executionId="79459abf-7be4-4d4a-a647-e925c6f328c6" testId="2efb8f86-da4b-0441-6245-21d076ce6d7e" testName="GetXmlContentDate" computerName="WINBOX" duration="00:00:00.0175514" startTime="2012-08-24T23:02:32.5683723+02:00" endTime="2012-08-24T23:02:33.1284043+02:00" testType="13cdc9d9-ddb5-4fa4-a97d-d965ccfc6d4b" outcome="Passed" testListId="8c84fa94-04c1-424b-9868-57a2d4851a1d" relativeResultsDirectory="79459abf-7be4-4d4a-a647-e925c6f328c6">
    </UnitTestResult>
    <UnitTestResult executionId="fdcb3f34-940b-4f4f-837a-e095a226b2d6" testId="52e9deaa-cfe7-7773-b774-0ad6244cfc9f" testName="IsValidXml" computerName="WINBOX" duration="00:00:00.1582896" startTime="2012-08-24T23:02:33.1404050+02:00" endTime="2012-08-24T23:02:33.3064145+02:00" testType="13cdc9d9-ddb5-4fa4-a97d-d965ccfc6d4b" outcome="Passed" testListId="8c84fa94-04c1-424b-9868-57a2d4851a1d" relativeResultsDirectory="fdcb3f34-940b-4f4f-837a-e095a226b2d6">
    </UnitTestResult>
    <UnitTestResult executionId="648f581e-c047-41a5-be9d-b069c54b82c1" testId="606fe0a8-1b51-551b-57f4-11c5eb57b1b6" testName="FileContentIsXML" computerName="WINBOX" duration="00:00:00.0936524" startTime="2012-08-24T23:02:33.3094146+02:00" endTime="2012-08-24T23:02:33.4064202+02:00" testType="13cdc9d9-ddb5-4fa4-a97d-d965ccfc6d4b" outcome="Passed" testListId="8c84fa94-04c1-424b-9868-57a2d4851a1d" relativeResultsDirectory="648f581e-c047-41a5-be9d-b069c54b82c1">
    </UnitTestResult>
    <UnitTestResult executionId="ba61d0f3-cec3-45a0-869d-d24dad4efbf5" testId="7f74eb45-ede8-d395-954c-f0e5f774f493" testName="GetFileNameDateString" computerName="WINBOX" duration="00:00:00.0003904" startTime="2012-08-24T23:02:33.4084203+02:00" endTime="2012-08-24T23:02:33.4154207+02:00" testType="13cdc9d9-ddb5-4fa4-a97d-d965ccfc6d4b" outcome="Passed" testListId="8c84fa94-04c1-424b-9868-57a2d4851a1d" relativeResultsDirectory="ba61d0f3-cec3-45a0-869d-d24dad4efbf5">
    </UnitTestResult>
    <UnitTestResult executionId="2236406b-c1ed-4e9a-8162-6cb52d6b2e91" testId="918006b7-f58c-2fe4-1365-5682a8220bb5" testName="IsURLCorrect" computerName="WINBOX" duration="00:00:00.0004536" startTime="2012-08-24T23:02:33.4194209+02:00" endTime="2012-08-24T23:02:33.4254213+02:00" testType="13cdc9d9-ddb5-4fa4-a97d-d965ccfc6d4b" outcome="Passed" testListId="8c84fa94-04c1-424b-9868-57a2d4851a1d" relativeResultsDirectory="2236406b-c1ed-4e9a-8162-6cb52d6b2e91">
    </UnitTestResult>
  </Results>
</TestRun>