<?xml version="1.0" encoding="UTF-8"?>
<TestRun id="82b7d135-1d5f-4cbf-b6eb-16be146ab245" name="Eystein@WINBOX 2012-08-24 23:13:55" runUser="WinBox\Eystein" xmlns="http://microsoft.com/schemas/VisualStudio/TeamTest/2010">
  <TestSettings name="Local" id="213a9241-b0c4-4e2e-ac37-9e66a75b6771">
    <Description>These are default test settings for a local test run.</Description>
    <Deployment enabled="false" runDeploymentRoot="Eystein_WINBOX 2012-08-24 23_13_55">
      <DeploymentItem filename="C:\Projects\TvGuide\BEO\bin\Release\BEO.dll" />
    </Deployment>
    <Execution>
      <TestTypeSpecific />
      <AgentRule name="Execution Agents">
      </AgentRule>
    </Execution>
  </TestSettings>
  <Times creation="2012-08-24T23:13:55.6894446+02:00" queuing="2012-08-24T23:13:55.7484479+02:00" start="2012-08-24T23:13:55.7564484+02:00" finish="2012-08-24T23:13:56.1514710+02:00" />
  <ResultSummary outcome="Completed">
    <Counters total="5" executed="5" passed="5" error="0" failed="0" timeout="0" aborted="0" inconclusive="0" passedButRunAborted="0" notRunnable="0" notExecuted="0" disconnected="0" warning="0" completed="0" inProgress="0" pending="0" />
  </ResultSummary>
  <TestDefinitions>
    <UnitTest name="IsValidXml" storage="c:\projects\tvguide\unittest\bin\release\unittest.dll" id="52e9deaa-cfe7-7773-b774-0ad6244cfc9f">
      <Execution id="b78a6ca7-f716-4751-b751-6e2ebf906373" />
      <TestMethod codeBase="C:/Projects/TvGuide/UnitTest/bin/Release/UnitTest.DLL" adapterTypeName="Microsoft.VisualStudio.TestTools.TestTypes.Unit.UnitTestAdapter, Microsoft.VisualStudio.QualityTools.Tips.UnitTest.Adapter, Version=10.0.0.0, Culture=neutral, PublicKeyToken=b03f5f7f11d50a3a" className="UnitTest.GrabberFileTest, UnitTest, Version=1.0.0.0, Culture=neutral, PublicKeyToken=null" name="IsValidXml" />
    </UnitTest>
    <UnitTest name="IsURLCorrect" storage="c:\projects\tvguide\unittest\bin\release\unittest.dll" id="918006b7-f58c-2fe4-1365-5682a8220bb5">
      <Execution id="86724571-0f6a-4751-9e01-e3f7ebbe5b00" />
      <TestMethod codeBase="C:/Projects/TvGuide/UnitTest/bin/Release/UnitTest.DLL" adapterTypeName="Microsoft.VisualStudio.TestTools.TestTypes.Unit.UnitTestAdapter, Microsoft.VisualStudio.QualityTools.Tips.UnitTest.Adapter, Version=10.0.0.0, Culture=neutral, PublicKeyToken=b03f5f7f11d50a3a" className="UnitTest.GrabberAddressTest, UnitTest, Version=1.0.0.0, Culture=neutral, PublicKeyToken=null" name="IsURLCorrect" />
    </UnitTest>
    <UnitTest name="GetXmlContentDate" storage="c:\projects\tvguide\unittest\bin\release\unittest.dll" id="2efb8f86-da4b-0441-6245-21d076ce6d7e">
      <Execution id="f35d7f72-67d8-405e-917a-f6f9fdb52842" />
      <TestMethod codeBase="C:/Projects/TvGuide/UnitTest/bin/Release/UnitTest.DLL" adapterTypeName="Microsoft.VisualStudio.TestTools.TestTypes.Unit.UnitTestAdapter, Microsoft.VisualStudio.QualityTools.Tips.UnitTest.Adapter, Version=10.0.0.0, Culture=neutral, PublicKeyToken=b03f5f7f11d50a3a" className="UnitTest.GrabberDateTest, UnitTest, Version=1.0.0.0, Culture=neutral, PublicKeyToken=null" name="GetXmlContentDate" />
    </UnitTest>
    <UnitTest name="GetFileNameDateString" storage="c:\projects\tvguide\unittest\bin\release\unittest.dll" id="7f74eb45-ede8-d395-954c-f0e5f774f493">
      <Execution id="695c1d16-4d0d-4bea-b110-ac2b76de4a0e" />
      <TestMethod codeBase="C:/Projects/TvGuide/UnitTest/bin/Release/UnitTest.DLL" adapterTypeName="Microsoft.VisualStudio.TestTools.TestTypes.Unit.UnitTestAdapter, Microsoft.VisualStudio.QualityTools.Tips.UnitTest.Adapter, Version=10.0.0.0, Culture=neutral, PublicKeyToken=b03f5f7f11d50a3a" className="UnitTest.GrabberDateTest, UnitTest, Version=1.0.0.0, Culture=neutral, PublicKeyToken=null" name="GetFileNameDateString" />
    </UnitTest>
    <UnitTest name="FileContentIsXML" storage="c:\projects\tvguide\unittest\bin\release\unittest.dll" id="606fe0a8-1b51-551b-57f4-11c5eb57b1b6">
      <Execution id="faa581ea-e34a-4f8e-9733-32ad91347298" />
      <TestMethod codeBase="C:/Projects/TvGuide/UnitTest/bin/Release/UnitTest.DLL" adapterTypeName="Microsoft.VisualStudio.TestTools.TestTypes.Unit.UnitTestAdapter, Microsoft.VisualStudio.QualityTools.Tips.UnitTest.Adapter, Version=10.0.0.0, Culture=neutral, PublicKeyToken=b03f5f7f11d50a3a" className="UnitTest.GrabberFileTest, UnitTest, Version=1.0.0.0, Culture=neutral, PublicKeyToken=null" name="FileContentIsXML" />
    </UnitTest>
  </TestDefinitions>
  <TestLists>
    <TestList name="Results Not in a List" id="8c84fa94-04c1-424b-9868-57a2d4851a1d" />
    <TestList name="All Loaded Results" id="19431567-8539-422a-85d7-44ee4e166bda" />
  </TestLists>
  <TestEntries>
    <TestEntry testId="2efb8f86-da4b-0441-6245-21d076ce6d7e" executionId="f35d7f72-67d8-405e-917a-f6f9fdb52842" testListId="8c84fa94-04c1-424b-9868-57a2d4851a1d" />
    <TestEntry testId="52e9deaa-cfe7-7773-b774-0ad6244cfc9f" executionId="b78a6ca7-f716-4751-b751-6e2ebf906373" testListId="8c84fa94-04c1-424b-9868-57a2d4851a1d" />
    <TestEntry testId="606fe0a8-1b51-551b-57f4-11c5eb57b1b6" executionId="faa581ea-e34a-4f8e-9733-32ad91347298" testListId="8c84fa94-04c1-424b-9868-57a2d4851a1d" />
    <TestEntry testId="7f74eb45-ede8-d395-954c-f0e5f774f493" executionId="695c1d16-4d0d-4bea-b110-ac2b76de4a0e" testListId="8c84fa94-04c1-424b-9868-57a2d4851a1d" />
    <TestEntry testId="918006b7-f58c-2fe4-1365-5682a8220bb5" executionId="86724571-0f6a-4751-9e01-e3f7ebbe5b00" testListId="8c84fa94-04c1-424b-9868-57a2d4851a1d" />
  </TestEntries>
  <Results>
    <UnitTestResult executionId="f35d7f72-67d8-405e-917a-f6f9fdb52842" testId="2efb8f86-da4b-0441-6245-21d076ce6d7e" testName="GetXmlContentDate" computerName="WINBOX" duration="00:00:00.0119333" startTime="2012-08-24T23:13:55.7594486+02:00" endTime="2012-08-24T23:13:55.9524596+02:00" testType="13cdc9d9-ddb5-4fa4-a97d-d965ccfc6d4b" outcome="Passed" testListId="8c84fa94-04c1-424b-9868-57a2d4851a1d" relativeResultsDirectory="f35d7f72-67d8-405e-917a-f6f9fdb52842">
    </UnitTestResult>
    <UnitTestResult executionId="b78a6ca7-f716-4751-b751-6e2ebf906373" testId="52e9deaa-cfe7-7773-b774-0ad6244cfc9f" testName="IsValidXml" computerName="WINBOX" duration="00:00:00.0999209" startTime="2012-08-24T23:13:55.9534597+02:00" endTime="2012-08-24T23:13:56.0554655+02:00" testType="13cdc9d9-ddb5-4fa4-a97d-d965ccfc6d4b" outcome="Passed" testListId="8c84fa94-04c1-424b-9868-57a2d4851a1d" relativeResultsDirectory="b78a6ca7-f716-4751-b751-6e2ebf906373">
    </UnitTestResult>
    <UnitTestResult executionId="faa581ea-e34a-4f8e-9733-32ad91347298" testId="606fe0a8-1b51-551b-57f4-11c5eb57b1b6" testName="FileContentIsXML" computerName="WINBOX" duration="00:00:00.0768446" startTime="2012-08-24T23:13:56.0564655+02:00" endTime="2012-08-24T23:13:56.1354701+02:00" testType="13cdc9d9-ddb5-4fa4-a97d-d965ccfc6d4b" outcome="Passed" testListId="8c84fa94-04c1-424b-9868-57a2d4851a1d" relativeResultsDirectory="faa581ea-e34a-4f8e-9733-32ad91347298">
    </UnitTestResult>
    <UnitTestResult executionId="695c1d16-4d0d-4bea-b110-ac2b76de4a0e" testId="7f74eb45-ede8-d395-954c-f0e5f774f493" testName="GetFileNameDateString" computerName="WINBOX" duration="00:00:00.0002627" startTime="2012-08-24T23:13:56.1364701+02:00" endTime="2012-08-24T23:13:56.1384702+02:00" testType="13cdc9d9-ddb5-4fa4-a97d-d965ccfc6d4b" outcome="Passed" testListId="8c84fa94-04c1-424b-9868-57a2d4851a1d" relativeResultsDirectory="695c1d16-4d0d-4bea-b110-ac2b76de4a0e">
    </UnitTestResult>
    <UnitTestResult executionId="86724571-0f6a-4751-9e01-e3f7ebbe5b00" testId="918006b7-f58c-2fe4-1365-5682a8220bb5" testName="IsURLCorrect" computerName="WINBOX" duration="00:00:00.0002903" startTime="2012-08-24T23:13:56.1394703+02:00" endTime="2012-08-24T23:13:56.1414704+02:00" testType="13cdc9d9-ddb5-4fa4-a97d-d965ccfc6d4b" outcome="Passed" testListId="8c84fa94-04c1-424b-9868-57a2d4851a1d" relativeResultsDirectory="86724571-0f6a-4751-9e01-e3f7ebbe5b00">
    </UnitTestResult>
  </Results>
</TestRun>