<?xml version="1.0" encoding="UTF-8"?>
<TestRun id="a3e50773-9ebc-492b-99d2-49fb06ec7acb" name="Eystein@WINBOX 2012-08-24 23:05:40" runUser="WinBox\Eystein" xmlns="http://microsoft.com/schemas/VisualStudio/TeamTest/2010">
  <TestSettings name="Local" id="213a9241-b0c4-4e2e-ac37-9e66a75b6771">
    <Description>These are default test settings for a local test run.</Description>
    <Deployment enabled="false" runDeploymentRoot="Eystein_WINBOX 2012-08-24 23_05_40">
      <DeploymentItem filename="C:\Projects\TvGuide\BEO\bin\Release\BEO.dll" />
    </Deployment>
    <Execution>
      <TestTypeSpecific />
      <AgentRule name="Execution Agents">
      </AgentRule>
    </Execution>
  </TestSettings>
  <Times creation="2012-08-24T23:05:40.3041101+02:00" queuing="2012-08-24T23:05:40.4911208+02:00" start="2012-08-24T23:05:40.5211225+02:00" finish="2012-08-24T23:05:40.9961497+02:00" />
  <ResultSummary outcome="Completed">
    <Counters total="5" executed="5" passed="5" error="0" failed="0" timeout="0" aborted="0" inconclusive="0" passedButRunAborted="0" notRunnable="0" notExecuted="0" disconnected="0" warning="0" completed="0" inProgress="0" pending="0" />
  </ResultSummary>
  <TestDefinitions>
    <UnitTest name="IsValidXml" storage="c:\projects\tvguide\unittest\bin\release\unittest.dll" id="52e9deaa-cfe7-7773-b774-0ad6244cfc9f">
      <Execution id="89cffa2a-223a-49eb-a277-536c4f882edf" />
      <TestMethod codeBase="C:/Projects/TvGuide/UnitTest/bin/Release/UnitTest.DLL" adapterTypeName="Microsoft.VisualStudio.TestTools.TestTypes.Unit.UnitTestAdapter, Microsoft.VisualStudio.QualityTools.Tips.UnitTest.Adapter, Version=10.0.0.0, Culture=neutral, PublicKeyToken=b03f5f7f11d50a3a" className="UnitTest.GrabberFileTest, UnitTest, Version=1.0.0.0, Culture=neutral, PublicKeyToken=null" name="IsValidXml" />
    </UnitTest>
    <UnitTest name="IsURLCorrect" storage="c:\projects\tvguide\unittest\bin\release\unittest.dll" id="918006b7-f58c-2fe4-1365-5682a8220bb5">
      <Execution id="33ba0572-3b71-4e20-b452-6d2b8fbab893" />
      <TestMethod codeBase="C:/Projects/TvGuide/UnitTest/bin/Release/UnitTest.DLL" adapterTypeName="Microsoft.VisualStudio.TestTools.TestTypes.Unit.UnitTestAdapter, Microsoft.VisualStudio.QualityTools.Tips.UnitTest.Adapter, Version=10.0.0.0, Culture=neutral, PublicKeyToken=b03f5f7f11d50a3a" className="UnitTest.GrabberAddressTest, UnitTest, Version=1.0.0.0, Culture=neutral, PublicKeyToken=null" name="IsURLCorrect" />
    </UnitTest>
    <UnitTest name="GetXmlContentDate" storage="c:\projects\tvguide\unittest\bin\release\unittest.dll" id="2efb8f86-da4b-0441-6245-21d076ce6d7e">
      <Execution id="f007ba01-b489-42e3-8df2-ae5dc6996623" />
      <TestMethod codeBase="C:/Projects/TvGuide/UnitTest/bin/Release/UnitTest.DLL" adapterTypeName="Microsoft.VisualStudio.TestTools.TestTypes.Unit.UnitTestAdapter, Microsoft.VisualStudio.QualityTools.Tips.UnitTest.Adapter, Version=10.0.0.0, Culture=neutral, PublicKeyToken=b03f5f7f11d50a3a" className="UnitTest.GrabberDateTest, UnitTest, Version=1.0.0.0, Culture=neutral, PublicKeyToken=null" name="GetXmlContentDate" />
    </UnitTest>
    <UnitTest name="GetFileNameDateString" storage="c:\projects\tvguide\unittest\bin\release\unittest.dll" id="7f74eb45-ede8-d395-954c-f0e5f774f493">
      <Execution id="d2cc1a10-1125-4941-a439-d7bcc8d263f5" />
      <TestMethod codeBase="C:/Projects/TvGuide/UnitTest/bin/Release/UnitTest.DLL" adapterTypeName="Microsoft.VisualStudio.TestTools.TestTypes.Unit.UnitTestAdapter, Microsoft.VisualStudio.QualityTools.Tips.UnitTest.Adapter, Version=10.0.0.0, Culture=neutral, PublicKeyToken=b03f5f7f11d50a3a" className="UnitTest.GrabberDateTest, UnitTest, Version=1.0.0.0, Culture=neutral, PublicKeyToken=null" name="GetFileNameDateString" />
    </UnitTest>
    <UnitTest name="FileContentIsXML" storage="c:\projects\tvguide\unittest\bin\release\unittest.dll" id="606fe0a8-1b51-551b-57f4-11c5eb57b1b6">
      <Execution id="9fa566c7-f531-4042-8647-828e04f32a6c" />
      <TestMethod codeBase="C:/Projects/TvGuide/UnitTest/bin/Release/UnitTest.DLL" adapterTypeName="Microsoft.VisualStudio.TestTools.TestTypes.Unit.UnitTestAdapter, Microsoft.VisualStudio.QualityTools.Tips.UnitTest.Adapter, Version=10.0.0.0, Culture=neutral, PublicKeyToken=b03f5f7f11d50a3a" className="UnitTest.GrabberFileTest, UnitTest, Version=1.0.0.0, Culture=neutral, PublicKeyToken=null" name="FileContentIsXML" />
    </UnitTest>
  </TestDefinitions>
  <TestLists>
    <TestList name="Results Not in a List" id="8c84fa94-04c1-424b-9868-57a2d4851a1d" />
    <TestList name="All Loaded Results" id="19431567-8539-422a-85d7-44ee4e166bda" />
  </TestLists>
  <TestEntries>
    <TestEntry testId="2efb8f86-da4b-0441-6245-21d076ce6d7e" executionId="f007ba01-b489-42e3-8df2-ae5dc6996623" testListId="8c84fa94-04c1-424b-9868-57a2d4851a1d" />
    <TestEntry testId="52e9deaa-cfe7-7773-b774-0ad6244cfc9f" executionId="89cffa2a-223a-49eb-a277-536c4f882edf" testListId="8c84fa94-04c1-424b-9868-57a2d4851a1d" />
    <TestEntry testId="606fe0a8-1b51-551b-57f4-11c5eb57b1b6" executionId="9fa566c7-f531-4042-8647-828e04f32a6c" testListId="8c84fa94-04c1-424b-9868-57a2d4851a1d" />
    <TestEntry testId="7f74eb45-ede8-d395-954c-f0e5f774f493" executionId="d2cc1a10-1125-4941-a439-d7bcc8d263f5" testListId="8c84fa94-04c1-424b-9868-57a2d4851a1d" />
    <TestEntry testId="918006b7-f58c-2fe4-1365-5682a8220bb5" executionId="33ba0572-3b71-4e20-b452-6d2b8fbab893" testListId="8c84fa94-04c1-424b-9868-57a2d4851a1d" />
  </TestEntries>
  <Results>
    <UnitTestResult executionId="f007ba01-b489-42e3-8df2-ae5dc6996623" testId="2efb8f86-da4b-0441-6245-21d076ce6d7e" testName="GetXmlContentDate" computerName="WINBOX" duration="00:00:00.0124430" startTime="2012-08-24T23:05:40.5301231+02:00" endTime="2012-08-24T23:05:40.7411351+02:00" testType="13cdc9d9-ddb5-4fa4-a97d-d965ccfc6d4b" outcome="Passed" testListId="8c84fa94-04c1-424b-9868-57a2d4851a1d" relativeResultsDirectory="f007ba01-b489-42e3-8df2-ae5dc6996623">
    </UnitTestResult>
    <UnitTestResult executionId="89cffa2a-223a-49eb-a277-536c4f882edf" testId="52e9deaa-cfe7-7773-b774-0ad6244cfc9f" testName="IsValidXml" computerName="WINBOX" duration="00:00:00.1162164" startTime="2012-08-24T23:05:40.7421352+02:00" endTime="2012-08-24T23:05:40.8601419+02:00" testType="13cdc9d9-ddb5-4fa4-a97d-d965ccfc6d4b" outcome="Passed" testListId="8c84fa94-04c1-424b-9868-57a2d4851a1d" relativeResultsDirectory="89cffa2a-223a-49eb-a277-536c4f882edf">
    </UnitTestResult>
    <UnitTestResult executionId="9fa566c7-f531-4042-8647-828e04f32a6c" testId="606fe0a8-1b51-551b-57f4-11c5eb57b1b6" testName="FileContentIsXML" computerName="WINBOX" duration="00:00:00.0918622" startTime="2012-08-24T23:05:40.8611420+02:00" endTime="2012-08-24T23:05:40.9561474+02:00" testType="13cdc9d9-ddb5-4fa4-a97d-d965ccfc6d4b" outcome="Passed" testListId="8c84fa94-04c1-424b-9868-57a2d4851a1d" relativeResultsDirectory="9fa566c7-f531-4042-8647-828e04f32a6c">
    </UnitTestResult>
    <UnitTestResult executionId="d2cc1a10-1125-4941-a439-d7bcc8d263f5" testId="7f74eb45-ede8-d395-954c-f0e5f774f493" testName="GetFileNameDateString" computerName="WINBOX" duration="00:00:00.0004418" startTime="2012-08-24T23:05:40.9571475+02:00" endTime="2012-08-24T23:05:40.9611477+02:00" testType="13cdc9d9-ddb5-4fa4-a97d-d965ccfc6d4b" outcome="Passed" testListId="8c84fa94-04c1-424b-9868-57a2d4851a1d" relativeResultsDirectory="d2cc1a10-1125-4941-a439-d7bcc8d263f5">
    </UnitTestResult>
    <UnitTestResult executionId="33ba0572-3b71-4e20-b452-6d2b8fbab893" testId="918006b7-f58c-2fe4-1365-5682a8220bb5" testName="IsURLCorrect" computerName="WINBOX" duration="00:00:00.0004567" startTime="2012-08-24T23:05:40.9621478+02:00" endTime="2012-08-24T23:05:40.9661480+02:00" testType="13cdc9d9-ddb5-4fa4-a97d-d965ccfc6d4b" outcome="Passed" testListId="8c84fa94-04c1-424b-9868-57a2d4851a1d" relativeResultsDirectory="33ba0572-3b71-4e20-b452-6d2b8fbab893">
    </UnitTestResult>
  </Results>
</TestRun>